### ISSUE TITLE
GD-ROM bugs in 2K sports games

### ISSUE THREAD

**Issue by snickerbockers** [washingtondc-emu/washingtondc#97]
still trying to piece together what's going on, but the general gist is that these games are doing some erratic operations with the GD-ROM drive (such as sending DMA read packets but never initiating the DMA transfer) before ultimately trying to read past the end of the GD, which triggers an ERROR_UNIMPLEMENTED in WashingtonDC.  The earliest sign of trouble and the first thing that should be investigated is when they use a NOP to cancel a read.

The most important thing to note about these games is that they do **not** appear to be using the firmware's system calls for GD-ROM drive access; I believe they have their own custom GD-ROM driver which would explain why this problem appears to be unique to 2K sports games.

I've only tried out NBA 2K and NFL 2K, but i assume that the same problem applies to most other games from the 2K sports series.

**Comment by snickerbockers** [comment]
it looks like **maybe** the problem is that this game splits a single read operation up into multiple DMA transfers, and **somehow** WashingtonDC doesn't implement that correctly.

I seem to remember Windows CE having a similar problem back in March...

**Comment by snickerbockers** [comment]
it looks like there's something fundamentally wrong with the way GDLEND is implemented, we only update it when state is GDROM_STATE_DMA_READING but some games may only read it after the transition to GDROM_STATE_DMA_WAITING; in this case the value of GDLEND will be incorrect because it will have retained the value it had before the DMA transfer.

but even though this needs to be fixed, it doesn't seem to be the reason why the 2k sports games are failing.

**Comment by snickerbockers** [comment]
so it looks like i'm actually on the wrong track here, all i have to do is ignore all these errors and i can get in-game.  maybe the game is actually doing weird things on purpose and i was wrong to assume it was being victimized by DMA bugs.

![2020-12-13-22-14-55](https://user-images.githubusercontent.com/3129682/102036429-cbe06d80-3d90-11eb-90f6-c0da6bfbc794.png)
.

**Comment by snickerbockers** [comment]
current status of 2k sports games with commit 931d7bab4ec73a08f8f8483fc738b2273d8a5367:

- NBA 2K is in-game
- NBA 2K1 gets to the intro ("press start") screen before the menu and then errors out due to an unimplemented texture format (also it needs MMU support)
- NBA 2K2 gets to the main menu but then it errors out due to an unimplemented texture format before getting in-game (also it needs MMU support)
- NFL 2K hangs at a black screen after the intro cinematic
- NFL 2K1 gets to the intro ("press start") screen before the menu and then errors out due to an unimplemented texture format (also it needs MMU support)
- NFL 2K2 gets to the intro ("press start") screen before the menu and then errors out due to an unimplemented texture format (also it needs MMU support)
- NHL 2K is already able to boot in master, but WashingtonDC raises an ERROR_INTEGRITY at the menu because it tries to write past the end of 64-bit texture memory (it does an 8-byte write to 0x047ffffc, which would go 4 bytes past the end)
- NHL 2K2 is already able to boot in master, but somehow the menu doesn't show.  Despite this, it will go into attract mode eventually.

the "unimplemented texture format" mentioned above is YUV-422 with VQ compression

Tennis 2K2 is not included in this list since it's actually just Virtua Tennis 2 rebranded.

Going forward, the following things need to be done before merging this branch to master:
- implement VQ compression for YUV-422 and confirm that NBA 2K1, NBA 2K2, NFL 2K1, and NFL 2K2 can all get in-game
- figure out what the hell NFL 2K's problem is
- go through disassembly and confirm that these games are actually supposed to try to issue these 32767-sector read commands that go beyond the end of the disc.  I suspect the games are actually hardcoding the read lengths to this because they all issue several reads of this length, but this needs to be confirmed.
- make sure we handle reads that go beyond the end of the disc correctly.  The implementation in 931d7bab4ec73a08f8f8483fc738b2273d8a5367 zeroes out the extra sectors but this may not be correct behavior.  It might make more sense to preserve the original contents of memory prior to the DMA transfer

the NHL games are going to be handled in a separate bug since those don't seem to be using the same engine as the NBA and NFL games.

**Comment by snickerbockers** [comment]
Oh geez, there's even more sports games on this console than I realized:
- NCAA College Football Road to the Rose Bowl gets to the main-menu but fails to get in-game because it tries to read 4 bytes from 80220024, which does not have a mapping
- World Series Baseball 2K1 hangs after an intro cutscene.  Not sure if it's the same bug that NFL 2K has or if it's a different bug.
- World Series Baseball 2K2 raises an error because TLB data address error exceptions aren't implemented yet.  This might be the first game I've seen which doesn't use Windows but does use the MMU for more than just store-queues.

**Comment by snickerbockers** [comment]
wrt  to the 32767-sector read commands, one thing I've noticed is that it never actually transfers that much data to memory.  It'll DMA something on the order of two or three figures.    So maybe the reason why this works on real hardware is that it doesn't matter if programs over-read if they don't actually fetch the extra data from the disk.

**Comment by snickerbockers** [comment]
regarding hang in NFL2K:

I have determined the cause of the hang is that the SH4 is stalled waiting for 0xa080203c to be non-zero.

0xa080203c is within AICA memory, and corresponds to 0x203c from the ARM7's perspective.  This is the main-loop
counter which is incremented once per iteration of the main loop in manatee.drv.  If this is stuck at zero then
the ARM7 is hanging somewhere at initialization or during its first iteration of the main loop.  I have a high degree of confidence that fixing this will make the game bootable.

```
(gdb) hbreak *0x0c17218a
Hardware assisted breakpoint 1 at 0xc17218a
(gdb) c
Continuing.
Breakpoint 1, 0x0c17218a in ?? ()
1: x/i $pc
=> 0xc17218a:	mov.l	@r10,r8
(gdb) si
p0x0c17218c in ?? ()
1: x/i $pc
=> 0xc17218c:	mov	r13,r4
(gdb) p $r8
$3 = 0
(gdb) p/x $r10
$14 = 0xa080203c
```

**Comment by snickerbockers** [comment]
the ARM7 is stuck in a loop at 0x2ceo where it polls address 0x3a04 until it is at least 3.

0x3a04 is a variable that counts how many times the FIQ vector has been invoked.  So the problem is that it can't continue until FIQ has happened at least 3 times, and in our case it isn't happening.

Ergo the next step will be to understand why it is expecting FIQs, and why there have not been any.

**Comment by snickerbockers** [comment]
bit 10 is the only bit in SCIEB which is set.  This corresponds to "One-sample interval interrupt" according to neil corlett's AICA notes.  I don't believe this is implemented yet, therefore this is highly likely to be the root-cause of the problem.

```
(WashDbg): x 0x0080289c
0x0080289c: 0x00000400
```

**Comment by snickerbockers** [comment]
the one-sample interval interrupt has been implemented in commit c3570d63729988eaf727f921bbe70b12cf67e292 ; with this commit, NFL2k is finally booting so that was indeed the root cause of the problem with that game.
